   XamlImageConverter 3.5 by Chris Cavanagh & David Egli
   MakeImages.xic.xaml:
   Setting OS Theme to Aero
   Created background_top_gradient.png (36 MB RAM used)
   Created page_header_lft.png (37 MB RAM used)
   Created page_header_ctr.png (38 MB RAM used)
   Created page_header_rt.png (38 MB RAM used)
   Created main_content_bkgd_lft.png (38 MB RAM used)
   Created main_content_bkgd.png (38 MB RAM used)
   Created main_content_bkgd_rt.png (38 MB RAM used)
   Created animated-loader-filmstrip.jpg (5 frames, 42 MB RAM used)
   Set
     Copyright.Content=System.Windows.Controls.Button: Chris Cavanagh & johnshope.com
   Created copyright_bar.png (42 MB RAM used)
   Created copyright_bar_element.png (42 MB RAM used)
   Created modified.page.png (44 MB RAM used)
   Reset
     Copyright.Content=Copyright © 2008 Chris Cavanagh
   Created full.jpg (58 MB RAM used)
   Created full.png (59 MB RAM used)
   Created full.gif (61 MB RAM used)
   Created Kaxaml.png (64 MB RAM used)
   Created Kaxaml_film.gif (50 frames, 90 MB RAM used)
   Created Planet.png (171 MB RAM used)
   Created Planet.xaml (171 MB RAM used)
   Created tux.xaml (157 MB RAM used)
   Created tux.png (158 MB RAM used)
  Error 31 (91,4):    No element with name "test" found.
   Created tuxpart.png (158 MB RAM used)
   Created soccer.png (158 MB RAM used)
   Created usa.map.png (164 MB RAM used)
   Created usa.map.xaml (166 MB RAM used)
   Created usa.map.html html image map.
   Created Readme.aspx html image map.
   Created button.scene.png (167 MB RAM used)
   Created button.png (167 MB RAM used)
   Created full.xps (1 pages, 0.15 MB)
   Created Kaxaml.xps (1 pages, 0.17 MB)
   Created animated-loader.gif (20 frames, 158 MB RAM used)
   Created Kaxaml.gif (100 frames, 155 MB RAM used)
   Created page_header.pdf (2 pages, 0.14 MB)
   Created page_header.ps (3 pages, 12.23 MB)
   Created page_header.eps (1 pages, 0.23 MB)
   Created full.eps (1 pages, 12.56 MB)
   Created full.ps (1 pages, 12.56 MB)
   Created full.pdf (1 pages, 0.23 MB)
   Created Kaxaml.pdf (1 pages, 0.02 MB)
   Created Kaxaml.eps (1 pages, 0.64 MB)
   Created Kaxaml.ps (1 pages, 0.64 MB)
